G:\RED 320 PORTABLE BACKUP\RESEARCH\WIN-FGUIPC\WIN-FGUIPC\DEBUG\WIN-FGUIPC.PCH
G:\RED 320 PORTABLE BACKUP\RESEARCH\WIN-FGUIPC\WIN-FGUIPC\DEBUG\STDAFX.OBJ
G:\RED 320 PORTABLE BACKUP\RESEARCH\WIN-FGUIPC\WIN-FGUIPC\DEBUG\VC110.PDB
G:\RED 320 PORTABLE BACKUP\RESEARCH\WIN-FGUIPC\WIN-FGUIPC\DEBUG\COMMON.OBJ
G:\RED 320 PORTABLE BACKUP\RESEARCH\WIN-FGUIPC\WIN-FGUIPC\DEBUG\CONVERSION.OBJ
G:\RED 320 PORTABLE BACKUP\RESEARCH\WIN-FGUIPC\WIN-FGUIPC\DEBUG\FGREAD.OBJ
G:\RED 320 PORTABLE BACKUP\RESEARCH\WIN-FGUIPC\WIN-FGUIPC\DEBUG\FGREADERS.OBJ
G:\RED 320 PORTABLE BACKUP\RESEARCH\WIN-FGUIPC\WIN-FGUIPC\DEBUG\FGWRITE.OBJ
G:\RED 320 PORTABLE BACKUP\RESEARCH\WIN-FGUIPC\WIN-FGUIPC\DEBUG\WIN-FGUIPC.OBJ
G:\RED 320 PORTABLE BACKUP\RESEARCH\WIN-FGUIPC\DEBUG\WIN-FGUIPC.ILK
G:\RED 320 PORTABLE BACKUP\RESEARCH\WIN-FGUIPC\DEBUG\WIN-FGUIPC.EXE
G:\RED 320 PORTABLE BACKUP\RESEARCH\WIN-FGUIPC\DEBUG\WIN-FGUIPC.PDB
G:\RED 320 PORTABLE BACKUP\RESEARCH\WIN-FGUIPC\WIN-FGUIPC\DEBUG\WIN-FGUIPC.RES
G:\Red 320 Portable Backup\Research\win-fguipc\win-fguipc\Debug\Common.obj
G:\Red 320 Portable Backup\Research\win-fguipc\win-fguipc\Debug\Conversion.obj
G:\Red 320 Portable Backup\Research\win-fguipc\win-fguipc\Debug\FGRead.obj
G:\Red 320 Portable Backup\Research\win-fguipc\win-fguipc\Debug\FGReaders.obj
G:\Red 320 Portable Backup\Research\win-fguipc\win-fguipc\Debug\FGWrite.obj
G:\Red 320 Portable Backup\Research\win-fguipc\win-fguipc\Debug\stdafx.obj
G:\Red 320 Portable Backup\Research\win-fguipc\win-fguipc\Debug\win-fguipc.obj
G:\Red 320 Portable Backup\Research\win-fguipc\win-fguipc\Debug\cl.command.1.tlog
G:\Red 320 Portable Backup\Research\win-fguipc\win-fguipc\Debug\CL.read.1.tlog
G:\Red 320 Portable Backup\Research\win-fguipc\win-fguipc\Debug\CL.write.1.tlog
G:\Red 320 Portable Backup\Research\win-fguipc\win-fguipc\Debug\link-cvtres.read.1.tlog
G:\Red 320 Portable Backup\Research\win-fguipc\win-fguipc\Debug\link-cvtres.write.1.tlog
G:\Red 320 Portable Backup\Research\win-fguipc\win-fguipc\Debug\link-rc.read.1.tlog
G:\Red 320 Portable Backup\Research\win-fguipc\win-fguipc\Debug\link-rc.write.1.tlog
G:\Red 320 Portable Backup\Research\win-fguipc\win-fguipc\Debug\link.command.1.tlog
G:\Red 320 Portable Backup\Research\win-fguipc\win-fguipc\Debug\link.read.1.tlog
G:\Red 320 Portable Backup\Research\win-fguipc\win-fguipc\Debug\link.write.1.tlog
G:\Red 320 Portable Backup\Research\win-fguipc\win-fguipc\Debug\rc.command.1.tlog
G:\Red 320 Portable Backup\Research\win-fguipc\win-fguipc\Debug\rc.read.1.tlog
G:\Red 320 Portable Backup\Research\win-fguipc\win-fguipc\Debug\rc.write.1.tlog
G:\Red 320 Portable Backup\Research\win-fguipc\win-fguipc\Debug\win-fguipc.res
G:\Red 320 Portable Backup\Research\win-fguipc\win-fguipc\Debug\win-fguipc.pch
G:\Red 320 Portable Backup\Research\win-fguipc\win-fguipc\Debug\vc110.idb
G:\Red 320 Portable Backup\Research\win-fguipc\win-fguipc\Debug\vc110.pdb
G:\Red 320 Portable Backup\Research\win-fguipc\Debug\win-fguipc.pdb
G:\Red 320 Portable Backup\Research\win-fguipc\Debug\win-fguipc.exe
G:\Red 320 Portable Backup\Research\win-fguipc\Debug\win-fguipc.ilk
